<?xml version="1.0" encoding="UTF-8"?>
<!-- Generated by org.testng.reporters.JUnitXMLReporter -->
<testsuite hostname="DESKTOP-H97UCMM" ignored="0" name="Test" tests="4" failures="0" timestamp="2020-09-16T13:01:25 IST" time="45.785" errors="0">
  <testcase name="basePageNavigation" time="7.814" classname="RealTime.HomePage"/>
  <testcase name="basePageNavigation" time="3.875" classname="RealTime.HomePage"/>
  <testcase name="basePageNavigation" time="0.226" classname="RealTime.Navigatebar"/>
  <testcase name="basePageNavigation" time="0.065" classname="RealTime.validateTitle"/>
</testsuite> <!-- Test -->
