<?xml version="1.0" encoding="UTF-8"?>
<!-- Generated by org.testng.reporters.JUnitXMLReporter -->
<testsuite hostname="DESKTOP-H97UCMM" ignored="0" name="Valdating login" tests="2" failures="1" timestamp="2020-09-20T17:57:58 IST" time="14.442" errors="0">
  <testcase name="basePageNavigation" time="6.085" classname="RealTime.HomePage"/>
  <testcase name="basePageNavigation" time="6.104" classname="RealTime.HomePage">
    <failure type="java.lang.NullPointerException">
      <![CDATA[java.lang.NullPointerException
at RealTime.Listeners.onTestSuccess(Listeners.java:30)
at java.util.ArrayList.forEach(ArrayList.java:1249)
... Removed 29 stack frames]]>
    </failure>
  </testcase> <!-- basePageNavigation -->
</testsuite> <!-- Valdating login -->
