<?xml version="1.0" encoding="UTF-8"?>
<!-- Generated by org.testng.reporters.JUnitXMLReporter -->
<testsuite hostname="DESKTOP-H97UCMM" ignored="0" name="Validate Navigate Bar" tests="2" failures="1" timestamp="2020-09-20T17:58:09 IST" time="10.253" errors="0">
  <testcase name="validateNavigationbar" time="0.118" classname="RealTime.Navigatebar"/>
  <testcase name="validateNavigationbar" time="0.119" classname="RealTime.Navigatebar">
    <failure type="java.lang.NullPointerException">
      <![CDATA[java.lang.NullPointerException
at RealTime.Listeners.onTestSuccess(Listeners.java:30)
at java.util.ArrayList.forEach(ArrayList.java:1249)
... Removed 29 stack frames]]>
    </failure>
  </testcase> <!-- validateNavigationbar -->
</testsuite> <!-- Validate Navigate Bar -->
