<?xml version="1.0" encoding="UTF-8"?>
<!-- Generated by org.testng.reporters.JUnitXMLReporter -->
<testsuite hostname="DESKTOP-H97UCMM" ignored="0" name="Validate Title" tests="1" failures="1" timestamp="2020-09-20T17:58:19 IST" time="10.107" errors="0">
  <testcase name="validateTitleOfIt" time="0.052" classname="RealTime.validateTitle">
    <failure type="java.lang.AssertionError" message="expected [FEATURED COURSES123] but found [FEATURED COURSES]">
      <![CDATA[java.lang.AssertionError: expected [FEATURED COURSES123] but found [FEATURED COURSES]
at RealTime.validateTitle.validateTitleOfIt(validateTitle.java:35)
at java.util.ArrayList.forEach(ArrayList.java:1249)
... Removed 38 stack frames]]>
    </failure>
  </testcase> <!-- validateTitleOfIt -->
</testsuite> <!-- Validate Title -->
