<?xml version="1.0" encoding="UTF-8"?>
<!-- Generated by org.testng.reporters.JUnitXMLReporter -->
<testsuite hostname="DESKTOP-H97UCMM" ignored="0" name="Valdating login" tests="2" failures="1" timestamp="2020-09-20T16:06:46 IST" time="15.276" errors="0">
  <testcase name="basePageNavigation" time="7.212" classname="RealTime.HomePage"/>
  <testcase name="basePageNavigation" time="7.235" classname="RealTime.HomePage">
    <failure type="java.lang.NullPointerException">
      <![CDATA[java.lang.NullPointerException
at RealTime.Listeners.onTestSuccess(Listeners.java:30)
at java.util.ArrayList.forEach(Unknown Source)
... Removed 24 stack frames]]>
    </failure>
  </testcase> <!-- basePageNavigation -->
</testsuite> <!-- Valdating login -->
