<?xml version="1.0" encoding="UTF-8"?>
<!-- Generated by org.testng.reporters.JUnitXMLReporter -->
<testsuite hostname="DESKTOP-H97UCMM" ignored="0" name="Validate Title" tests="2" failures="2" timestamp="2020-09-20T18:04:43 IST" time="14.526" errors="0">
  <testcase name="validateTitleOfIt" time="0.044" classname="RealTime.validateTitle">
    <failure type="java.lang.AssertionError" message="expected [FEATURED COURSES123] but found [FEATURED COURSES]">
      <![CDATA[java.lang.AssertionError: expected [FEATURED COURSES123] but found [FEATURED COURSES]
at RealTime.validateTitle.validateTitleOfIt(validateTitle.java:35)
at java.util.ArrayList.forEach(Unknown Source)
... Removed 33 stack frames]]>
    </failure>
  </testcase> <!-- validateTitleOfIt -->
  <testcase name="validateTitleOfIt" time="0.049" classname="RealTime.validateTitle">
    <failure type="java.lang.NullPointerException">
      <![CDATA[java.lang.NullPointerException
at RealTime.Listeners.onTestFailure(Listeners.java:36)
at java.util.ArrayList.forEach(Unknown Source)
... Removed 24 stack frames]]>
    </failure>
  </testcase> <!-- validateTitleOfIt -->
</testsuite> <!-- Validate Title -->
