<?xml version="1.0" encoding="UTF-8"?>
<!-- Generated by org.testng.reporters.JUnitXMLReporter -->
<testsuite hostname="DESKTOP-H97UCMM" ignored="0" name="Default test" tests="4" failures="0" timestamp="2020-09-14T15:24:33 IST" time="83.796" errors="0">
  <testcase name="basePageNavigation" time="0.084" classname="RealTime.validateTitle"/>
  <testcase name="basePageNavigation" time="0.115" classname="RealTime.Navigatebar"/>
  <testcase name="basePageNavigation" time="18.237" classname="RealTime.HomePage"/>
  <testcase name="basePageNavigation" time="18.194" classname="RealTime.HomePage"/>
</testsuite> <!-- Default test -->
